<?xml version="1.0" encoding="UTF-8"?>
<testng-results ignored="0" total="1" passed="0" failed="1" skipped="0">
  <reporter-output>
    <line>
      <![CDATA[1. Complete a successful login]]>
    </line>
    <line>
      <![CDATA[Navigated to https://www.saucedemo.com/]]>
    </line>
    <line>
      <![CDATA[Element clicked]]>
    </line>
    <line>
      <![CDATA[Successfully Signed In with the STANDARD account]]>
    </line>
    <line>
      <![CDATA[2. Add saucelabs backpack to cart]]>
    </line>
    <line>
      <![CDATA[Element clicked]]>
    </line>
    <line>
      <![CDATA[Sauce Labs backpack added to cart.]]>
    </line>
    <line>
      <![CDATA[3. Click 'Remove' button]]>
    </line>
    <line>
      <![CDATA[Element clicked]]>
    </line>
    <line>
      <![CDATA[Sauce Labs backpack product removed.]]>
    </line>
    <line>
      <![CDATA[4. Verify button changed to 'Add to cart']]>
    </line>
    <line>
      <![CDATA[Element visible]]>
    </line>
    <line>
      <![CDATA[Element displayed]]>
    </line>
    <line>
      <![CDATA[Sauce Labs backpack add to cart button displayed.]]>
    </line>
    <line>
      <![CDATA[5. Verify Shoppin cart badge changed to '0']]>
    </line>
    <line>
      <![CDATA[Element visible]]>
    </line>
  </reporter-output>
  <suite started-at="2025-10-03T12:50:19 CST" name="Default suite" finished-at="2025-10-03T12:50:27 CST" duration-ms="8065">
    <groups>
    </groups>
    <test started-at="2025-10-03T12:50:19 CST" name="Default test" finished-at="2025-10-03T12:50:27 CST" duration-ms="8065">
      <class name="tests.SD4_Remove_Product_From_Cart">
        <test-method is-config="true" signature="driverSetup()[pri:0, instance:tests.SD4_Remove_Product_From_Cart@3aa078fd]" started-at="2025-10-03T12:50:19 CST" name="driverSetup" finished-at="2025-10-03T12:50:21 CST" duration-ms="1305" status="PASS">
          <reporter-output>
          </reporter-output>
        </test-method> <!-- driverSetup -->
        <test-method signature="test_SD4_Remove_Product_From_Cart()[pri:0, instance:tests.SD4_Remove_Product_From_Cart@3aa078fd]" started-at="2025-10-03T12:50:21 CST" name="test_SD4_Remove_Product_From_Cart" finished-at="2025-10-03T12:50:27 CST" duration-ms="6502" status="FAIL">
          <exception class="java.lang.AssertionError">
            <message>
              <![CDATA[Elements in Cart Badge Present expected [true] but found [false]]]>
            </message>
            <full-stacktrace>
              <![CDATA[java.lang.AssertionError: Elements in Cart Badge Present expected [true] but found [false]
at org.testng.Assert.fail(Assert.java:111)
at org.testng.Assert.failNotEquals(Assert.java:1578)
at org.testng.Assert.assertTrue(Assert.java:57)
at pages.InventoryPage.validateCartBadgeNumberisEmpty(InventoryPage.java:132)
at tests.SD4_Remove_Product_From_Cart.test_SD4_Remove_Product_From_Cart(SD4_Remove_Product_From_Cart.java:34)
at java.base/jdk.internal.reflect.DirectMethodHandleAccessor.invoke(DirectMethodHandleAccessor.java:103)
at java.base/java.lang.reflect.Method.invoke(Method.java:580)
at org.testng.internal.invokers.MethodInvocationHelper.invokeMethod(MethodInvocationHelper.java:139)
at org.testng.internal.invokers.TestInvoker.invokeMethod(TestInvoker.java:664)
at org.testng.internal.invokers.TestInvoker.invokeTestMethod(TestInvoker.java:227)
at org.testng.internal.invokers.MethodRunner.runInSequence(MethodRunner.java:50)
at org.testng.internal.invokers.TestInvoker$MethodInvocationAgent.invoke(TestInvoker.java:957)
at org.testng.internal.invokers.TestInvoker.invokeTestMethods(TestInvoker.java:200)
at org.testng.internal.invokers.TestMethodWorker.invokeTestMethods(TestMethodWorker.java:148)
at org.testng.internal.invokers.TestMethodWorker.run(TestMethodWorker.java:128)
at java.base/java.util.ArrayList.forEach(ArrayList.java:1597)
at org.testng.TestRunner.privateRun(TestRunner.java:848)
at org.testng.TestRunner.run(TestRunner.java:621)
at org.testng.SuiteRunner.runTest(SuiteRunner.java:443)
at org.testng.SuiteRunner.runSequentially(SuiteRunner.java:437)
at org.testng.SuiteRunner.privateRun(SuiteRunner.java:397)
at org.testng.SuiteRunner.run(SuiteRunner.java:336)
at org.testng.SuiteRunnerWorker.runSuite(SuiteRunnerWorker.java:52)
at org.testng.SuiteRunnerWorker.run(SuiteRunnerWorker.java:95)
at org.testng.TestNG.runSuitesSequentially(TestNG.java:1280)
at org.testng.TestNG.runSuitesLocally(TestNG.java:1200)
at org.testng.TestNG.runSuites(TestNG.java:1114)
at org.testng.TestNG.run(TestNG.java:1082)
at org.testng.remote.AbstractRemoteTestNG.run(AbstractRemoteTestNG.java:115)
at org.testng.remote.RemoteTestNG.initAndRun(RemoteTestNG.java:293)
at org.testng.remote.RemoteTestNG.main(RemoteTestNG.java:91)
]]>
            </full-stacktrace>
          </exception> <!-- java.lang.AssertionError -->
          <reporter-output>
            <line>
              <![CDATA[1. Complete a successful login]]>
            </line>
            <line>
              <![CDATA[Navigated to https://www.saucedemo.com/]]>
            </line>
            <line>
              <![CDATA[Element clicked]]>
            </line>
            <line>
              <![CDATA[Successfully Signed In with the STANDARD account]]>
            </line>
            <line>
              <![CDATA[2. Add saucelabs backpack to cart]]>
            </line>
            <line>
              <![CDATA[Element clicked]]>
            </line>
            <line>
              <![CDATA[Sauce Labs backpack added to cart.]]>
            </line>
            <line>
              <![CDATA[3. Click 'Remove' button]]>
            </line>
            <line>
              <![CDATA[Element clicked]]>
            </line>
            <line>
              <![CDATA[Sauce Labs backpack product removed.]]>
            </line>
            <line>
              <![CDATA[4. Verify button changed to 'Add to cart']]>
            </line>
            <line>
              <![CDATA[Element visible]]>
            </line>
            <line>
              <![CDATA[Element displayed]]>
            </line>
            <line>
              <![CDATA[Sauce Labs backpack add to cart button displayed.]]>
            </line>
            <line>
              <![CDATA[5. Verify Shoppin cart badge changed to '0']]>
            </line>
            <line>
              <![CDATA[Element visible]]>
            </line>
          </reporter-output>
        </test-method> <!-- test_SD4_Remove_Product_From_Cart -->
        <test-method is-config="true" signature="testTearDown()[pri:0, instance:tests.SD4_Remove_Product_From_Cart@3aa078fd]" started-at="2025-10-03T12:50:27 CST" name="testTearDown" finished-at="2025-10-03T12:50:27 CST" duration-ms="230" status="PASS">
          <reporter-output>
          </reporter-output>
        </test-method> <!-- testTearDown -->
      </class> <!-- tests.SD4_Remove_Product_From_Cart -->
    </test> <!-- Default test -->
  </suite> <!-- Default suite -->
</testng-results>
